<?xml version="1.0" encoding="UTF-8" ?>
<testsuite failures="0" time="0.015" errors="0" skipped="0" tests="1" name="com.asc.manager.AppTest">
  <properties>
    <property name="java.runtime.name" value="Java(TM) SE Runtime Environment"/>
    <property name="sun.boot.library.path" value="D:\java\jdk\jdk1.6\jre\bin"/>
    <property name="java.vm.version" value="20.14-b01"/>
    <property name="java.vm.vendor" value="Sun Microsystems Inc."/>
    <property name="java.vendor.url" value="http://java.sun.com/"/>
    <property name="path.separator" value=";"/>
    <property name="guice.disable.misplaced.annotation.check" value="true"/>
    <property name="java.vm.name" value="Java HotSpot(TM) 64-Bit Server VM"/>
    <property name="file.encoding.pkg" value="sun.io"/>
    <property name="user.country" value="CN"/>
    <property name="sun.java.launcher" value="SUN_STANDARD"/>
    <property name="sun.os.patch.level" value=""/>
    <property name="java.vm.specification.name" value="Java Virtual Machine Specification"/>
    <property name="user.dir" value="D:\work\Application Support Platform1.0\Maven Parent - Platform"/>
    <property name="java.runtime.version" value="1.6.0_43-b01"/>
    <property name="java.awt.graphicsenv" value="sun.awt.Win32GraphicsEnvironment"/>
    <property name="java.endorsed.dirs" value="D:\java\jdk\jdk1.6\jre\lib\endorsed"/>
    <property name="os.arch" value="amd64"/>
    <property name="java.io.tmpdir" value="C:\Users\FD171F~1.KAN\AppData\Local\Temp\"/>
    <property name="line.separator" value="
"/>
    <property name="java.vm.specification.vendor" value="Sun Microsystems Inc."/>
    <property name="user.variant" value=""/>
    <property name="os.name" value="Windows 8"/>
    <property name="classworlds.conf" value="D:\work\Application Support Platform1.0\.metadata\.plugins\org.eclipse.m2e.launching\launches\m2conf7084647934194105535.tmp"/>
    <property name="sun.jnu.encoding" value="GBK"/>
    <property name="java.library.path" value="D:\java\jdk\jdk1.6\bin;C:\WINDOWS\Sun\Java\bin;C:\WINDOWS\system32;C:\WINDOWS;D:/java/jdk/jdk1.7/bin/../jre/bin/server;D:/java/jdk/jdk1.7/bin/../jre/bin;D:/java/jdk/jdk1.7/bin/../jre/lib/amd64;D:\app\F.D.Kang\product\11.2.0\dbhome_1\bin;C:\Windows\system32;C:\Windows;C:\Windows\System32\Wbem;C:\Windows\System32\WindowsPowerShell\v1.0\;C:\Program Files (x86)\NVIDIA Corporation\PhysX\Common;D:\java\jdk\jdk1.7\bin;D:\Program Files\IDM Computer Solutions\UltraEdit;C:\Program Files\IDM Computer Solutions\UltraCompare;D:\java\tomcat\apache-tomcat-7.0.67\bin;D:\plug\gradle-2.13\bin;D:\Program Files\TortoiseSVN\bin;D:\scala\ement\scala-2.12.1\bin;D:\Go\studio\1.8\bin;C:\Program Files\Git\cmd;D:\android\sdk\tools;D:\android\sdk\platform-tools;C:\WINDOWS\system32;C:\WINDOWS;C:\WINDOWS\System32\Wbem;C:\WINDOWS\System32\WindowsPowerShell\v1.0\;D:\nodejs\nvm;C:\Program Files\nodejs;D:\java\maven\apache-maven-3.3.3\bin;C:\Program Files\VisualSVN Server\bin;C:\Program Files\MySQL\MySQL Server 5.5\bin;D:\android\cocos2d-x\templates;D:\android\cocos2d-x\tools\cocos2d-console\bin;D:\Sencha\Cmd;D:\Python\Python36\Scripts\;D:\Python\Python36\;D:\Python\Python27\Scripts\;D:\Python\Python27\;C:\Users\F.D.Kang\AppData\Local\atom\bin;C:\Users\F.D.Kang\AppData\Roaming\npm;C:\Program Files (x86)\Microsoft VS Code\bin;C:\Users\F.D.Kang\AppData\Local\Microsoft\WindowsApps;D:\nodejs\nvm;C:\Program Files\nodejs;D:\java\eclipse;;."/>
    <property name="java.specification.name" value="Java Platform API Specification"/>
    <property name="java.class.version" value="50.0"/>
    <property name="sun.management.compiler" value="HotSpot 64-Bit Tiered Compilers"/>
    <property name="os.version" value="6.2"/>
    <property name="user.home" value="C:\Users\F.D.Kang"/>
    <property name="user.timezone" value="Asia/Shanghai"/>
    <property name="java.awt.printerjob" value="sun.awt.windows.WPrinterJob"/>
    <property name="file.encoding" value="GBK"/>
    <property name="java.specification.version" value="1.6"/>
    <property name="user.name" value="F.D.Kang"/>
    <property name="java.class.path" value="/D:/java/eclipse/plugins/org.eclipse.m2e.maven.runtime_1.5.0.20140605-2032/jars/plexus-classworlds-2.5.1.jar"/>
    <property name="org.slf4j.simpleLogger.defaultLogLevel" value="info"/>
    <property name="java.vm.specification.version" value="1.0"/>
    <property name="sun.arch.data.model" value="64"/>
    <property name="java.home" value="D:\java\jdk\jdk1.6\jre"/>
    <property name="sun.java.command" value="org.codehaus.plexus.classworlds.launcher.Launcher -B -s D:\java\maven\apache-maven-3.3.3\conf\settings.xml install"/>
    <property name="java.specification.vendor" value="Sun Microsystems Inc."/>
    <property name="user.language" value="zh"/>
    <property name="awt.toolkit" value="sun.awt.windows.WToolkit"/>
    <property name="java.vm.info" value="mixed mode"/>
    <property name="java.version" value="1.6.0_43"/>
    <property name="java.ext.dirs" value="D:\java\jdk\jdk1.6\jre\lib\ext;C:\WINDOWS\Sun\Java\lib\ext"/>
    <property name="sun.boot.class.path" value="D:\java\jdk\jdk1.6\jre\lib\resources.jar;D:\java\jdk\jdk1.6\jre\lib\rt.jar;D:\java\jdk\jdk1.6\jre\lib\sunrsasign.jar;D:\java\jdk\jdk1.6\jre\lib\jsse.jar;D:\java\jdk\jdk1.6\jre\lib\jce.jar;D:\java\jdk\jdk1.6\jre\lib\charsets.jar;D:\java\jdk\jdk1.6\jre\lib\modules\jdk.boot.jar;D:\java\jdk\jdk1.6\jre\classes"/>
    <property name="java.vendor" value="Sun Microsystems Inc."/>
    <property name="maven.home" value="D:\work\Application Support Platform1.0\Maven Parent - Platform\EMBEDDED"/>
    <property name="file.separator" value="\"/>
    <property name="java.vendor.url.bug" value="http://java.sun.com/cgi-bin/bugreport.cgi"/>
    <property name="sun.cpu.endian" value="little"/>
    <property name="sun.io.unicode.encoding" value="UnicodeLittle"/>
    <property name="sun.desktop" value="windows"/>
    <property name="sun.cpu.isalist" value="amd64"/>
  </properties>
  <testcase time="0.015" classname="com.asc.manager.AppTest" name="testApp"/>
</testsuite>